2014-12-17 13:50:20 HandlerMagpieKafka [INFO] initializing......
2014-12-17 13:52:04 HandlerMagpieKafka [INFO] initializing......
2014-12-17 13:52:05 HandlerMagpieKafka [INFO] start the parser successfully...
2014-12-17 13:52:05 KafkaReceiver [ERROR] zk client error : KeeperErrorCode = NodeExists for /mysql_parser
2014-12-17 13:52:05 HandlerMagpieKafka [INFO] initializing......
2014-12-17 13:52:05 HandlerMagpieKafka [INFO] start the parser successfully...
2014-12-17 13:52:05 KafkaReceiver [ERROR] zk client error : KeeperErrorCode = NodeExists for /mysql_parser
2014-12-17 13:52:05 HandlerMagpieKafka [INFO] initializing......
2014-12-17 13:52:05 HandlerMagpieKafka [INFO] start the parser successfully...
2014-12-17 13:52:05 KafkaReceiver [ERROR] zk client error : KeeperErrorCode = NodeExists for /mysql_parser
2014-12-17 13:52:05 HandlerMagpieKafka [INFO] initializing......
2014-12-17 13:52:05 HandlerMagpieKafka [INFO] start the parser successfully...
2014-12-17 13:52:05 KafkaReceiver [ERROR] zk client error : KeeperErrorCode = NodeExists for /mysql_parser
2014-12-17 13:52:05 HandlerMagpieKafka [INFO] initializing......
2014-12-17 13:52:05 HandlerMagpieKafka [INFO] start the parser successfully...
2014-12-17 13:52:05 KafkaReceiver [ERROR] zk client error : KeeperErrorCode = NodeExists for /mysql_parser
2014-12-17 13:52:05 HandlerMagpieKafka [INFO] initializing......
2014-12-17 13:52:05 HandlerMagpieKafka [INFO] start the parser successfully...
2014-12-17 13:52:05 KafkaReceiver [ERROR] zk client error : KeeperErrorCode = NodeExists for /mysql_parser
2014-12-17 13:52:05 HandlerMagpieKafka [INFO] initializing......
2014-12-17 13:52:05 HandlerMagpieKafka [INFO] start the parser successfully...
2014-12-17 13:52:05 KafkaReceiver [ERROR] zk client error : KeeperErrorCode = NodeExists for /mysql_parser
2014-12-17 13:52:05 HandlerMagpieKafka [INFO] initializing......
2014-12-17 13:52:05 HandlerMagpieKafka [INFO] start the parser successfully...
2014-12-17 13:52:05 KafkaReceiver [ERROR] zk client error : KeeperErrorCode = NodeExists for /mysql_parser
2014-12-17 13:52:05 HandlerMagpieKafka [INFO] initializing......
2014-12-17 13:52:05 HandlerMagpieKafka [INFO] start the parser successfully...
2014-12-17 13:52:05 KafkaReceiver [ERROR] zk client error : KeeperErrorCode = NodeExists for /mysql_parser
2014-12-17 13:52:05 HandlerMagpieKafka [INFO] initializing......
2014-12-17 13:52:05 HandlerMagpieKafka [INFO] start the parser successfully...
2014-12-17 13:52:05 KafkaReceiver [ERROR] zk client error : KeeperErrorCode = NodeExists for /mysql_parser
2014-12-17 13:52:05 HandlerMagpieKafka [INFO] initializing......
2014-12-17 13:52:05 HandlerMagpieKafka [INFO] start the parser successfully...
2014-12-17 13:52:05 KafkaReceiver [ERROR] zk client error : KeeperErrorCode = NodeExists for /mysql_parser
2014-12-17 13:52:05 HandlerMagpieKafka [INFO] initializing......
2014-12-17 13:52:05 HandlerMagpieKafka [INFO] start the parser successfully...
2014-12-17 13:52:05 KafkaReceiver [ERROR] zk client error : KeeperErrorCode = NodeExists for /mysql_parser
2014-12-17 13:52:05 HandlerMagpieKafka [INFO] initializing......
2014-12-17 13:52:05 HandlerMagpieKafka [INFO] start the parser successfully...
2014-12-17 13:52:05 KafkaReceiver [ERROR] zk client error : KeeperErrorCode = NodeExists for /mysql_parser
2014-12-17 13:52:05 HandlerMagpieKafka [INFO] initializing......
2014-12-17 13:52:05 HandlerMagpieKafka [INFO] start the parser successfully...
2014-12-17 13:52:05 KafkaReceiver [ERROR] zk client error : KeeperErrorCode = NodeExists for /mysql_parser
2014-12-17 13:52:05 HandlerMagpieKafka [INFO] initializing......
2014-12-17 13:52:05 HandlerMagpieKafka [INFO] start the parser successfully...
2014-12-17 13:52:05 KafkaReceiver [ERROR] zk client error : KeeperErrorCode = NodeExists for /mysql_parser
2014-12-17 13:52:05 HandlerMagpieKafka [INFO] initializing......
2014-12-17 13:52:05 HandlerMagpieKafka [INFO] start the parser successfully...
2014-12-17 13:52:05 KafkaReceiver [ERROR] zk client error : KeeperErrorCode = NodeExists for /mysql_parser
2014-12-17 13:52:05 HandlerMagpieKafka [INFO] initializing......
2014-12-17 13:52:05 HandlerMagpieKafka [INFO] start the parser successfully...
2014-12-17 13:52:05 KafkaReceiver [ERROR] zk client error : KeeperErrorCode = NodeExists for /mysql_parser
2014-12-17 13:52:05 HandlerMagpieKafka [INFO] initializing......
2014-12-17 13:52:05 HandlerMagpieKafka [INFO] start the parser successfully...
2014-12-17 13:52:05 KafkaReceiver [ERROR] zk client error : KeeperErrorCode = NodeExists for /mysql_parser
2014-12-17 13:52:05 HandlerMagpieKafka [INFO] initializing......
2014-12-17 13:52:05 HandlerMagpieKafka [INFO] start the parser successfully...
2014-12-17 13:52:06 KafkaReceiver [ERROR] zk client error : KeeperErrorCode = NodeExists for /mysql_parser
2014-12-17 13:52:06 HandlerMagpieKafka [INFO] initializing......
2014-12-17 13:52:06 HandlerMagpieKafka [INFO] start the parser successfully...
2014-12-17 13:52:06 KafkaReceiver [ERROR] zk client error : KeeperErrorCode = NodeExists for /mysql_parser
2014-12-17 13:52:06 HandlerMagpieKafka [INFO] initializing......
2014-12-17 13:52:06 HandlerMagpieKafka [INFO] start the parser successfully...
2014-12-17 13:52:06 KafkaReceiver [ERROR] zk client error : KeeperErrorCode = NodeExists for /mysql_parser
2014-12-17 13:52:06 HandlerMagpieKafka [INFO] initializing......
2014-12-17 13:52:06 HandlerMagpieKafka [INFO] start the parser successfully...
2014-12-17 13:52:06 KafkaReceiver [ERROR] zk client error : KeeperErrorCode = NodeExists for /mysql_parser
2014-12-17 13:52:06 HandlerMagpieKafka [INFO] initializing......
2014-12-17 13:52:06 HandlerMagpieKafka [INFO] start the parser successfully...
2014-12-17 13:52:06 KafkaReceiver [ERROR] zk client error : KeeperErrorCode = NodeExists for /mysql_parser
2014-12-17 13:52:06 HandlerMagpieKafka [INFO] initializing......
2014-12-17 13:52:06 HandlerMagpieKafka [INFO] start the parser successfully...
2014-12-17 13:52:06 KafkaReceiver [ERROR] zk client error : KeeperErrorCode = NodeExists for /mysql_parser
2014-12-17 13:52:06 HandlerMagpieKafka [INFO] initializing......
2014-12-17 13:52:06 HandlerMagpieKafka [INFO] start the parser successfully...
2014-12-17 13:52:06 KafkaReceiver [ERROR] zk client error : KeeperErrorCode = NodeExists for /mysql_parser
2014-12-17 13:52:06 HandlerMagpieKafka [INFO] initializing......
2014-12-17 13:52:06 HandlerMagpieKafka [INFO] start the parser successfully...
2014-12-17 13:52:06 KafkaReceiver [ERROR] zk client error : KeeperErrorCode = NodeExists for /mysql_parser
2014-12-17 13:52:06 HandlerMagpieKafka [INFO] initializing......
2014-12-17 13:52:06 HandlerMagpieKafka [INFO] start the parser successfully...
2014-12-17 13:52:06 KafkaReceiver [ERROR] zk client error : KeeperErrorCode = NodeExists for /mysql_parser
2014-12-17 13:52:06 HandlerMagpieKafka [INFO] initializing......
2014-12-17 13:52:06 HandlerMagpieKafka [INFO] start the parser successfully...
2014-12-17 13:52:06 KafkaReceiver [ERROR] zk client error : KeeperErrorCode = NodeExists for /mysql_parser
2014-12-17 13:52:06 HandlerMagpieKafka [INFO] initializing......
2014-12-17 13:52:06 HandlerMagpieKafka [INFO] start the parser successfully...
2014-12-17 13:52:06 KafkaReceiver [ERROR] zk client error : KeeperErrorCode = NodeExists for /mysql_parser
2014-12-17 13:52:06 HandlerMagpieKafka [INFO] initializing......
2014-12-17 13:52:06 HandlerMagpieKafka [INFO] start the parser successfully...
2014-12-17 13:52:06 KafkaReceiver [ERROR] zk client error : KeeperErrorCode = NodeExists for /mysql_parser
2014-12-17 13:52:06 HandlerMagpieKafka [INFO] initializing......
2014-12-17 13:52:06 HandlerMagpieKafka [INFO] start the parser successfully...
2014-12-17 13:52:06 KafkaReceiver [ERROR] zk client error : KeeperErrorCode = NodeExists for /mysql_parser
2014-12-17 13:52:06 HandlerMagpieKafka [INFO] initializing......
2014-12-17 13:52:06 HandlerMagpieKafka [INFO] start the parser successfully...
2014-12-17 13:52:06 KafkaReceiver [ERROR] zk client error : KeeperErrorCode = NodeExists for /mysql_parser
2014-12-17 13:52:06 HandlerMagpieKafka [INFO] initializing......
2014-12-17 13:52:06 HandlerMagpieKafka [INFO] start the parser successfully...
2014-12-17 13:52:06 KafkaReceiver [ERROR] zk client error : KeeperErrorCode = NodeExists for /mysql_parser
2014-12-17 13:52:06 HandlerMagpieKafka [INFO] initializing......
2014-12-17 13:52:06 HandlerMagpieKafka [INFO] start the parser successfully...
2014-12-17 13:52:06 KafkaReceiver [ERROR] zk client error : KeeperErrorCode = NodeExists for /mysql_parser
2014-12-17 13:52:06 HandlerMagpieKafka [INFO] initializing......
2014-12-17 13:52:06 HandlerMagpieKafka [INFO] start the parser successfully...
2014-12-17 13:52:06 KafkaReceiver [ERROR] zk client error : KeeperErrorCode = NodeExists for /mysql_parser
2014-12-17 13:52:06 HandlerMagpieKafka [INFO] initializing......
2014-12-17 13:52:06 HandlerMagpieKafka [INFO] start the parser successfully...
2014-12-17 13:52:06 KafkaReceiver [ERROR] zk client error : KeeperErrorCode = NodeExists for /mysql_parser
2014-12-17 13:52:06 HandlerMagpieKafka [INFO] initializing......
2014-12-17 13:52:06 HandlerMagpieKafka [INFO] start the parser successfully...
2014-12-17 13:52:06 KafkaReceiver [ERROR] zk client error : KeeperErrorCode = NodeExists for /mysql_parser
2014-12-17 13:52:06 HandlerMagpieKafka [INFO] initializing......
2014-12-17 13:52:06 HandlerMagpieKafka [INFO] start the parser successfully...
2014-12-17 13:52:06 KafkaReceiver [ERROR] zk client error : KeeperErrorCode = NodeExists for /mysql_parser
2014-12-17 13:52:06 HandlerMagpieKafka [INFO] initializing......
2014-12-17 13:52:06 HandlerMagpieKafka [INFO] start the parser successfully...
2014-12-17 13:52:06 KafkaReceiver [ERROR] zk client error : KeeperErrorCode = NodeExists for /mysql_parser
2014-12-17 13:52:06 HandlerMagpieKafka [INFO] initializing......
2014-12-17 13:52:06 HandlerMagpieKafka [INFO] start the parser successfully...
2014-12-17 13:52:06 KafkaReceiver [ERROR] zk client error : KeeperErrorCode = NodeExists for /mysql_parser
2014-12-17 13:52:06 HandlerMagpieKafka [INFO] initializing......
2014-12-17 13:52:06 HandlerMagpieKafka [INFO] start the parser successfully...
2014-12-17 13:52:06 KafkaReceiver [ERROR] zk client error : KeeperErrorCode = NodeExists for /mysql_parser
2014-12-17 13:52:06 HandlerMagpieKafka [INFO] initializing......
2014-12-17 13:52:06 HandlerMagpieKafka [INFO] start the parser successfully...
2014-12-17 13:52:06 KafkaReceiver [ERROR] zk client error : KeeperErrorCode = NodeExists for /mysql_parser
2014-12-17 13:52:06 HandlerMagpieKafka [INFO] initializing......
2014-12-17 13:52:06 HandlerMagpieKafka [INFO] start the parser successfully...
2014-12-17 13:52:06 KafkaReceiver [ERROR] zk client error : KeeperErrorCode = NodeExists for /mysql_parser
2014-12-17 13:52:06 HandlerMagpieKafka [INFO] initializing......
2014-12-17 13:52:06 HandlerMagpieKafka [INFO] start the parser successfully...
2014-12-17 13:52:06 KafkaReceiver [ERROR] zk client error : KeeperErrorCode = NodeExists for /mysql_parser
2014-12-17 13:52:06 HandlerMagpieKafka [INFO] initializing......
2014-12-17 13:52:06 HandlerMagpieKafka [INFO] start the parser successfully...
2014-12-17 13:52:06 KafkaReceiver [ERROR] zk client error : KeeperErrorCode = NodeExists for /mysql_parser
2014-12-17 13:52:06 HandlerMagpieKafka [INFO] initializing......
2014-12-17 13:52:06 HandlerMagpieKafka [INFO] start the parser successfully...
2014-12-17 13:52:06 KafkaReceiver [ERROR] zk client error : KeeperErrorCode = NodeExists for /mysql_parser
2014-12-17 13:52:06 HandlerMagpieKafka [INFO] initializing......
2014-12-17 13:52:06 HandlerMagpieKafka [INFO] start the parser successfully...
2014-12-17 13:52:06 KafkaReceiver [ERROR] zk client error : KeeperErrorCode = NodeExists for /mysql_parser
2014-12-17 13:52:07 HandlerMagpieKafka [INFO] initializing......
2014-12-17 13:52:07 HandlerMagpieKafka [INFO] start the parser successfully...
2014-12-17 13:52:07 KafkaReceiver [ERROR] zk client error : KeeperErrorCode = NodeExists for /mysql_parser
2014-12-17 13:52:07 HandlerMagpieKafka [INFO] initializing......
2014-12-17 13:52:07 HandlerMagpieKafka [INFO] start the parser successfully...
2014-12-17 13:52:07 KafkaReceiver [ERROR] zk client error : KeeperErrorCode = NodeExists for /mysql_parser
2014-12-17 13:52:07 HandlerMagpieKafka [INFO] initializing......
2014-12-17 13:52:07 HandlerMagpieKafka [INFO] start the parser successfully...
2014-12-17 13:52:07 KafkaReceiver [ERROR] zk client error : KeeperErrorCode = NodeExists for /mysql_parser
2014-12-17 13:52:07 HandlerMagpieKafka [INFO] initializing......
2014-12-17 13:52:07 HandlerMagpieKafka [INFO] start the parser successfully...
2014-12-17 13:52:07 KafkaReceiver [ERROR] zk client error : KeeperErrorCode = NodeExists for /mysql_parser
2014-12-17 13:52:07 HandlerMagpieKafka [INFO] initializing......
2014-12-17 13:52:07 HandlerMagpieKafka [INFO] start the parser successfully...
2014-12-17 13:52:07 KafkaReceiver [ERROR] zk client error : KeeperErrorCode = NodeExists for /mysql_parser
2014-12-17 13:52:07 HandlerMagpieKafka [INFO] initializing......
2014-12-17 13:52:07 HandlerMagpieKafka [INFO] start the parser successfully...
2014-12-17 13:52:07 KafkaReceiver [ERROR] zk client error : KeeperErrorCode = NodeExists for /mysql_parser
2014-12-17 13:52:07 HandlerMagpieKafka [INFO] initializing......
2014-12-17 13:52:07 HandlerMagpieKafka [INFO] start the parser successfully...
2014-12-17 13:52:07 KafkaReceiver [ERROR] zk client error : KeeperErrorCode = NodeExists for /mysql_parser
2014-12-17 13:52:07 HandlerMagpieKafka [INFO] initializing......
2014-12-17 13:52:07 HandlerMagpieKafka [INFO] start the parser successfully...
2014-12-17 13:52:07 KafkaReceiver [ERROR] zk client error : KeeperErrorCode = NodeExists for /mysql_parser
2014-12-17 13:52:07 HandlerMagpieKafka [INFO] initializing......
2014-12-17 13:52:07 HandlerMagpieKafka [INFO] start the parser successfully...
2014-12-17 13:52:07 KafkaReceiver [ERROR] zk client error : KeeperErrorCode = NodeExists for /mysql_parser
2014-12-17 13:52:07 HandlerMagpieKafka [INFO] initializing......
2014-12-17 13:52:07 HandlerMagpieKafka [INFO] start the parser successfully...
2014-12-17 13:52:07 KafkaReceiver [ERROR] zk client error : KeeperErrorCode = NodeExists for /mysql_parser
2014-12-17 13:52:07 HandlerMagpieKafka [INFO] initializing......
2014-12-17 13:52:07 HandlerMagpieKafka [INFO] start the parser successfully...
2014-12-17 13:52:07 KafkaReceiver [ERROR] zk client error : KeeperErrorCode = NodeExists for /mysql_parser
2014-12-17 13:52:07 HandlerMagpieKafka [INFO] initializing......
2014-12-17 13:52:07 HandlerMagpieKafka [INFO] start the parser successfully...
2014-12-17 13:52:07 KafkaReceiver [ERROR] zk client error : KeeperErrorCode = NodeExists for /mysql_parser
2014-12-17 13:52:07 HandlerMagpieKafka [INFO] initializing......
2014-12-17 13:52:07 HandlerMagpieKafka [INFO] start the parser successfully...
2014-12-17 13:52:07 KafkaReceiver [ERROR] zk client error : KeeperErrorCode = NodeExists for /mysql_parser
2014-12-17 13:52:07 HandlerMagpieKafka [INFO] initializing......
2014-12-17 13:52:07 HandlerMagpieKafka [INFO] start the parser successfully...
2014-12-17 13:52:07 KafkaReceiver [ERROR] zk client error : KeeperErrorCode = NodeExists for /mysql_parser
2014-12-17 13:52:07 HandlerMagpieKafka [INFO] initializing......
2014-12-17 13:52:07 HandlerMagpieKafka [INFO] start the parser successfully...
2014-12-17 13:52:07 KafkaReceiver [ERROR] zk client error : KeeperErrorCode = NodeExists for /mysql_parser
2014-12-17 13:52:07 HandlerMagpieKafka [INFO] initializing......
2014-12-17 13:52:07 HandlerMagpieKafka [INFO] start the parser successfully...
2014-12-17 13:52:07 KafkaReceiver [ERROR] zk client error : KeeperErrorCode = NodeExists for /mysql_parser
2014-12-17 13:52:07 HandlerMagpieKafka [INFO] initializing......
2014-12-17 13:52:07 HandlerMagpieKafka [INFO] start the parser successfully...
2014-12-17 13:52:07 KafkaReceiver [ERROR] zk client error : KeeperErrorCode = NodeExists for /mysql_parser
2014-12-17 13:52:07 HandlerMagpieKafka [INFO] initializing......
2014-12-17 13:52:07 HandlerMagpieKafka [INFO] start the parser successfully...
2014-12-17 13:52:07 KafkaReceiver [ERROR] zk client error : KeeperErrorCode = NodeExists for /mysql_parser
2014-12-17 13:52:07 HandlerMagpieKafka [INFO] initializing......
2014-12-17 13:52:07 HandlerMagpieKafka [INFO] start the parser successfully...
2014-12-17 13:52:07 KafkaReceiver [ERROR] zk client error : KeeperErrorCode = NodeExists for /mysql_parser
2014-12-17 13:52:07 HandlerMagpieKafka [INFO] initializing......
2014-12-17 13:52:07 HandlerMagpieKafka [INFO] start the parser successfully...
2014-12-17 13:52:07 KafkaReceiver [ERROR] zk client error : KeeperErrorCode = NodeExists for /mysql_parser
2014-12-17 13:52:07 HandlerMagpieKafka [INFO] initializing......
2014-12-17 13:52:07 HandlerMagpieKafka [INFO] start the parser successfully...
2014-12-17 13:52:07 KafkaReceiver [ERROR] zk client error : KeeperErrorCode = NodeExists for /mysql_parser
2014-12-17 13:52:07 HandlerMagpieKafka [INFO] initializing......
2014-12-17 13:52:07 HandlerMagpieKafka [INFO] start the parser successfully...
2014-12-17 13:52:07 KafkaReceiver [ERROR] zk client error : KeeperErrorCode = NodeExists for /mysql_parser
2014-12-17 13:52:07 HandlerMagpieKafka [INFO] initializing......
2014-12-17 13:52:07 HandlerMagpieKafka [INFO] start the parser successfully...
2014-12-17 13:52:07 KafkaReceiver [ERROR] zk client error : KeeperErrorCode = NodeExists for /mysql_parser
2014-12-17 13:52:07 HandlerMagpieKafka [INFO] initializing......
2014-12-17 13:52:07 HandlerMagpieKafka [INFO] start the parser successfully...
2014-12-17 13:52:07 KafkaReceiver [ERROR] zk client error : KeeperErrorCode = NodeExists for /mysql_parser
2014-12-17 13:52:07 HandlerMagpieKafka [INFO] initializing......
2014-12-17 13:52:07 HandlerMagpieKafka [INFO] start the parser successfully...
2014-12-17 13:52:07 KafkaReceiver [ERROR] zk client error : KeeperErrorCode = NodeExists for /mysql_parser
2014-12-17 13:52:07 HandlerMagpieKafka [INFO] initializing......
2014-12-17 13:52:07 HandlerMagpieKafka [INFO] start the parser successfully...
2014-12-17 13:52:07 KafkaReceiver [ERROR] zk client error : KeeperErrorCode = NodeExists for /mysql_parser
2014-12-17 13:52:07 HandlerMagpieKafka [INFO] initializing......
2014-12-17 13:52:07 HandlerMagpieKafka [INFO] start the parser successfully...
2014-12-17 13:52:07 KafkaReceiver [ERROR] zk client error : KeeperErrorCode = NodeExists for /mysql_parser
2014-12-17 13:52:07 HandlerMagpieKafka [INFO] initializing......
2014-12-17 13:52:07 HandlerMagpieKafka [INFO] start the parser successfully...
2014-12-17 13:52:07 KafkaReceiver [ERROR] zk client error : KeeperErrorCode = NodeExists for /mysql_parser
2014-12-17 13:52:07 HandlerMagpieKafka [INFO] initializing......
2014-12-17 13:52:07 HandlerMagpieKafka [INFO] start the parser successfully...
2014-12-17 13:52:07 KafkaReceiver [ERROR] zk client error : KeeperErrorCode = NodeExists for /mysql_parser
2014-12-17 13:52:07 HandlerMagpieKafka [INFO] initializing......
2014-12-17 13:52:08 HandlerMagpieKafka [INFO] start the parser successfully...
2014-12-17 13:52:08 KafkaReceiver [ERROR] zk client error : KeeperErrorCode = NodeExists for /mysql_parser
2014-12-17 13:52:08 HandlerMagpieKafka [INFO] initializing......
2014-12-17 13:52:08 HandlerMagpieKafka [INFO] start the parser successfully...
2014-12-17 13:52:08 KafkaReceiver [ERROR] zk client error : KeeperErrorCode = NodeExists for /mysql_parser
2014-12-17 13:52:08 HandlerMagpieKafka [INFO] initializing......
2014-12-17 13:52:08 HandlerMagpieKafka [INFO] start the parser successfully...
2014-12-17 13:52:08 KafkaReceiver [ERROR] zk client error : KeeperErrorCode = NodeExists for /mysql_parser
2014-12-17 13:52:08 HandlerMagpieKafka [INFO] initializing......
2014-12-17 13:52:08 HandlerMagpieKafka [INFO] start the parser successfully...
2014-12-17 13:52:08 KafkaReceiver [ERROR] zk client error : KeeperErrorCode = NodeExists for /mysql_parser
2014-12-17 13:52:08 HandlerMagpieKafka [INFO] initializing......
2014-12-17 13:52:08 HandlerMagpieKafka [INFO] start the parser successfully...
2014-12-17 13:52:08 KafkaReceiver [ERROR] zk client error : KeeperErrorCode = NodeExists for /mysql_parser
2014-12-17 13:52:08 HandlerMagpieKafka [INFO] initializing......
2014-12-17 13:52:08 HandlerMagpieKafka [INFO] start the parser successfully...
2014-12-17 13:52:08 KafkaReceiver [ERROR] zk client error : KeeperErrorCode = NodeExists for /mysql_parser
2014-12-17 13:52:08 HandlerMagpieKafka [INFO] initializing......
2014-12-17 13:52:08 HandlerMagpieKafka [INFO] start the parser successfully...
2014-12-17 13:52:08 KafkaReceiver [ERROR] zk client error : KeeperErrorCode = NodeExists for /mysql_parser
2014-12-17 13:52:08 HandlerMagpieKafka [INFO] initializing......
2014-12-17 13:52:08 HandlerMagpieKafka [INFO] start the parser successfully...
2014-12-17 13:52:08 KafkaReceiver [ERROR] zk client error : KeeperErrorCode = NodeExists for /mysql_parser
2014-12-17 13:52:08 HandlerMagpieKafka [INFO] initializing......
2014-12-17 13:52:08 HandlerMagpieKafka [INFO] start the parser successfully...
2014-12-17 13:52:08 KafkaReceiver [ERROR] zk client error : KeeperErrorCode = NodeExists for /mysql_parser
2014-12-17 13:52:08 HandlerMagpieKafka [INFO] initializing......
2014-12-17 13:52:08 HandlerMagpieKafka [INFO] start the parser successfully...
2014-12-17 13:52:08 KafkaReceiver [ERROR] zk client error : KeeperErrorCode = NodeExists for /mysql_parser
2014-12-17 13:55:35 HandlerMagpieKafka [INFO] initializing......
2014-12-17 13:55:36 HandlerMagpieKafka [INFO] start the parser successfully...
2014-12-17 13:55:36 KafkaReceiver [ERROR] zk client error : null
2014-12-17 13:55:37 HandlerMagpieKafka$Minuter [INFO] ===================================> minute thread:
2014-12-17 13:55:37 HandlerMagpieKafka$Minuter [INFO] ---> topic is test,partition is :0,offset is :69; batch id is :0,in batch id is :0
2014-12-17 13:59:24 HandlerMagpieKafka [INFO] initializing......
2014-12-17 13:59:24 HandlerMagpieKafka [INFO] start the parser successfully...
2014-12-17 13:59:25 HandlerMagpieKafka$Minuter [INFO] ===================================> minute thread:
2014-12-17 13:59:25 HandlerMagpieKafka$Minuter [INFO] ---> topic is test,partition is :0,offset is :-1; batch id is :-1,in batch id is :-1
2014-12-17 14:00:25 HandlerMagpieKafka$Minuter [INFO] ===================================> minute thread:
2014-12-17 14:00:25 HandlerMagpieKafka$Minuter [INFO] ---> topic is test,partition is :0,offset is :-1; batch id is :-1,in batch id is :-1
2014-12-17 14:00:55 HandlerMagpieKafka [INFO] initializing......
2014-12-17 14:00:55 HandlerMagpieKafka [INFO] start the parser successfully...
2014-12-17 14:00:56 HandlerMagpieKafka$Minuter [INFO] ===================================> minute thread:
2014-12-17 14:00:56 HandlerMagpieKafka$Minuter [INFO] ---> topic is test,partition is :0,offset is :-1; batch id is :-1,in batch id is :-1
2014-12-17 14:01:56 HandlerMagpieKafka$Minuter [INFO] ===================================> minute thread:
2014-12-17 14:01:56 HandlerMagpieKafka$Minuter [INFO] ---> topic is test,partition is :0,offset is :-1; batch id is :-1,in batch id is :-1
2014-12-17 14:02:56 HandlerMagpieKafka$Minuter [INFO] ===================================> minute thread:
2014-12-17 14:02:56 HandlerMagpieKafka$Minuter [INFO] ---> topic is test,partition is :0,offset is :73; batch id is :0,in batch id is :0
2014-12-17 14:03:56 HandlerMagpieKafka$Minuter [INFO] ===================================> minute thread:
2014-12-17 14:03:56 HandlerMagpieKafka$Minuter [INFO] ---> topic is test,partition is :0,offset is :73; batch id is :0,in batch id is :0
2014-12-17 14:05:33 HandlerMagpieKafka [INFO] initializing......
2014-12-17 14:05:33 HandlerMagpieKafka [INFO] start the parser successfully...
2014-12-17 14:05:34 HandlerMagpieKafka$Minuter [INFO] ===================================> minute thread:
2014-12-17 14:05:34 HandlerMagpieKafka$Minuter [INFO] ---> topic is test,partition is :0,offset is :-1; batch id is :-1,in batch id is :-1
2014-12-17 14:06:34 HandlerMagpieKafka$Minuter [INFO] ===================================> minute thread:
2014-12-17 14:06:34 HandlerMagpieKafka$Minuter [INFO] ---> topic is test,partition is :0,offset is :77; batch id is :0,in batch id is :0
2014-12-17 14:07:23 HandlerMagpieKafka [INFO] initializing......
2014-12-17 14:07:23 HandlerMagpieKafka [INFO] start the parser successfully...
2014-12-17 14:07:24 HandlerMagpieKafka$Minuter [INFO] ===================================> minute thread:
2014-12-17 14:07:24 HandlerMagpieKafka$Minuter [INFO] ---> topic is test,partition is :0,offset is :-1; batch id is :-1,in batch id is :-1
2014-12-17 14:08:24 HandlerMagpieKafka$Minuter [INFO] ===================================> minute thread:
2014-12-17 14:08:24 HandlerMagpieKafka$Minuter [INFO] ---> topic is test,partition is :0,offset is :81; batch id is :0,in batch id is :0
2014-12-17 14:11:29 HandlerMagpieKafka [INFO] initializing......
2014-12-17 14:11:30 HandlerMagpieKafka [INFO] start the parser successfully...
2014-12-17 14:11:31 HandlerMagpieKafka$Minuter [INFO] ===================================> minute thread:
2014-12-17 14:11:31 HandlerMagpieKafka$Minuter [INFO] ---> topic is test,partition is :0,offset is :-1; batch id is :-1,in batch id is :-1
2014-12-17 14:35:35 HandlerMagpieKafka [INFO] initializing......
2014-12-17 14:35:35 HandlerMagpieKafka [INFO] start the parser successfully...
2014-12-17 14:35:36 HandlerMagpieKafka$Minuter [INFO] ===================================> minute thread:
2014-12-17 14:35:36 HandlerMagpieKafka$Minuter [INFO] ---> topic is test,partition is :0,offset is :-1; batch id is :-1,in batch id is :-1
2014-12-17 14:36:36 HandlerMagpieKafka$Minuter [INFO] ===================================> minute thread:
2014-12-17 14:36:36 HandlerMagpieKafka$Minuter [INFO] ---> topic is test,partition is :0,offset is :97; batch id is :0,in batch id is :0
2014-12-17 14:39:33 HandlerMagpieKafka [INFO] initializing......
2014-12-17 14:39:34 HandlerMagpieKafka [INFO] start the parser successfully...
2014-12-17 14:39:35 HandlerMagpieKafka$Minuter [INFO] ===================================> minute thread:
2014-12-17 14:39:35 HandlerMagpieKafka$Minuter [INFO] ---> topic is test,partition is :0,offset is :-1; batch id is :-1,in batch id is :-1
2014-12-17 14:40:35 HandlerMagpieKafka$Minuter [INFO] ===================================> minute thread:
2014-12-17 14:40:35 HandlerMagpieKafka$Minuter [INFO] ---> topic is test,partition is :0,offset is :101; batch id is :0,in batch id is :0
2014-12-17 14:41:35 HandlerMagpieKafka$Minuter [INFO] ===================================> minute thread:
2014-12-17 14:41:35 HandlerMagpieKafka$Minuter [INFO] ---> topic is test,partition is :0,offset is :101; batch id is :0,in batch id is :0
2014-12-17 14:42:35 HandlerMagpieKafka$Minuter [INFO] ===================================> minute thread:
2014-12-17 14:42:35 HandlerMagpieKafka$Minuter [INFO] ---> topic is test,partition is :0,offset is :102; batch id is :0,in batch id is :0
2014-12-17 14:43:35 HandlerMagpieKafka$Minuter [INFO] ===================================> minute thread:
2014-12-17 14:43:35 HandlerMagpieKafka$Minuter [INFO] ---> topic is test,partition is :0,offset is :102; batch id is :0,in batch id is :0
2014-12-17 14:44:35 HandlerMagpieKafka$Minuter [INFO] ===================================> minute thread:
2014-12-17 14:44:35 HandlerMagpieKafka$Minuter [INFO] ---> topic is test,partition is :0,offset is :102; batch id is :0,in batch id is :0
2014-12-17 14:45:35 HandlerMagpieKafka$Minuter [INFO] ===================================> minute thread:
2014-12-17 14:45:35 HandlerMagpieKafka$Minuter [INFO] ---> topic is test,partition is :0,offset is :102; batch id is :0,in batch id is :0
2014-12-17 14:46:35 HandlerMagpieKafka [INFO] initializing......
2014-12-17 14:46:36 HandlerMagpieKafka [INFO] start the parser successfully...
2014-12-17 14:46:37 HandlerMagpieKafka$Minuter [INFO] ===================================> minute thread:
2014-12-17 14:46:37 HandlerMagpieKafka$Minuter [INFO] ---> topic is test,partition is :0,offset is :111; batch id is :1,in batch id is :0
2014-12-17 14:47:37 HandlerMagpieKafka$Minuter [INFO] ===================================> minute thread:
2014-12-17 14:47:37 HandlerMagpieKafka$Minuter [INFO] ---> topic is test,partition is :0,offset is :111; batch id is :1,in batch id is :0
2014-12-17 14:47:53 HandlerMagpieKafka [INFO] initializing......
2014-12-17 14:47:54 HandlerMagpieKafka [INFO] start the parser successfully...
2014-12-17 14:47:55 HandlerMagpieKafka$Minuter [INFO] ===================================> minute thread:
2014-12-17 14:47:55 HandlerMagpieKafka$Minuter [INFO] ---> topic is test,partition is :0,offset is :111; batch id is :1,in batch id is :0
2014-12-17 14:47:55 HandlerMagpieKafka [INFO] ===================================> persistence thread:
2014-12-17 14:47:55 HandlerMagpieKafka [INFO] ---> persistence deal during time:176
2014-12-17 14:47:55 HandlerMagpieKafka [INFO] ---> the number of entry list:2
2014-12-17 14:47:55 HandlerMagpieKafka [INFO] ---> entry list to bytes (avro) sum size is 0
2014-12-17 14:47:55 HandlerMagpieKafka [INFO] --->get entry : ROWDATA, now pos : 2860, next pos : 2944, binlog file : mysql-bin.000168, schema name : canal_test, table name : simple, column info : null, type : TRUNCATE
2014-12-17 14:48:37 HandlerMagpieKafka$Minuter [INFO] ===================================> minute thread:
2014-12-17 14:48:37 HandlerMagpieKafka$Minuter [INFO] ---> topic is test,partition is :0,offset is :111; batch id is :1,in batch id is :0
2014-12-17 14:49:01 HandlerMagpieKafka [INFO] initializing......
2014-12-17 14:49:02 HandlerMagpieKafka [INFO] start the parser successfully...
2014-12-17 14:49:03 HandlerMagpieKafka$Minuter [INFO] ===================================> minute thread:
2014-12-17 14:49:03 HandlerMagpieKafka$Minuter [INFO] ---> topic is test,partition is :0,offset is :-1; batch id is :-1,in batch id is :-1
2014-12-17 14:49:22 HandlerMagpieKafka [INFO] ===================================> persistence thread:
2014-12-17 14:49:22 HandlerMagpieKafka [INFO] ---> persistence deal during time:179
2014-12-17 14:49:22 HandlerMagpieKafka [INFO] ---> the number of entry list:1
2014-12-17 14:49:22 HandlerMagpieKafka [INFO] ---> entry list to bytes (avro) sum size is 0
2014-12-17 14:49:22 HandlerMagpieKafka [INFO] --->get entry : ROWDATA, now pos : 3179, next pos : 3263, binlog file : mysql-bin.000168, schema name : canal_test, table name : simple, column info : null, type : TRUNCATE
2014-12-17 14:49:37 HandlerMagpieKafka$Minuter [INFO] ===================================> minute thread:
2014-12-17 14:49:37 HandlerMagpieKafka$Minuter [INFO] ---> topic is test,partition is :0,offset is :111; batch id is :1,in batch id is :0
2014-12-17 14:50:03 HandlerMagpieKafka$Minuter [INFO] ===================================> minute thread:
2014-12-17 14:50:03 HandlerMagpieKafka$Minuter [INFO] ---> topic is test,partition is :0,offset is :116; batch id is :2,in batch id is :0
2014-12-17 14:50:37 HandlerMagpieKafka$Minuter [INFO] ===================================> minute thread:
2014-12-17 14:50:37 HandlerMagpieKafka$Minuter [INFO] ---> topic is test,partition is :0,offset is :111; batch id is :1,in batch id is :0
2014-12-17 14:51:03 HandlerMagpieKafka$Minuter [INFO] ===================================> minute thread:
2014-12-17 14:51:03 HandlerMagpieKafka$Minuter [INFO] ---> topic is test,partition is :0,offset is :116; batch id is :2,in batch id is :0
2014-12-17 14:51:37 HandlerMagpieKafka$Minuter [INFO] ===================================> minute thread:
2014-12-17 14:51:37 HandlerMagpieKafka$Minuter [INFO] ---> topic is test,partition is :0,offset is :111; batch id is :1,in batch id is :0
2014-12-17 14:52:03 HandlerMagpieKafka$Minuter [INFO] ===================================> minute thread:
2014-12-17 14:52:03 HandlerMagpieKafka$Minuter [INFO] ---> topic is test,partition is :0,offset is :116; batch id is :2,in batch id is :0
2014-12-17 14:52:37 HandlerMagpieKafka$Minuter [INFO] ===================================> minute thread:
2014-12-17 14:52:37 HandlerMagpieKafka$Minuter [INFO] ---> topic is test,partition is :0,offset is :111; batch id is :1,in batch id is :0
2014-12-17 14:53:03 HandlerMagpieKafka$Minuter [INFO] ===================================> minute thread:
2014-12-17 14:53:03 HandlerMagpieKafka$Minuter [INFO] ---> topic is test,partition is :0,offset is :116; batch id is :2,in batch id is :0
2014-12-17 14:53:37 HandlerMagpieKafka$Minuter [INFO] ===================================> minute thread:
2014-12-17 14:53:37 HandlerMagpieKafka$Minuter [INFO] ---> topic is test,partition is :0,offset is :111; batch id is :1,in batch id is :0
2014-12-17 14:54:03 HandlerMagpieKafka$Minuter [INFO] ===================================> minute thread:
2014-12-17 14:54:03 HandlerMagpieKafka$Minuter [INFO] ---> topic is test,partition is :0,offset is :116; batch id is :2,in batch id is :0
2014-12-17 14:54:37 HandlerMagpieKafka$Minuter [INFO] ===================================> minute thread:
2014-12-17 14:54:37 HandlerMagpieKafka$Minuter [INFO] ---> topic is test,partition is :0,offset is :111; batch id is :1,in batch id is :0
2014-12-17 14:55:03 HandlerMagpieKafka$Minuter [INFO] ===================================> minute thread:
2014-12-17 14:55:03 HandlerMagpieKafka$Minuter [INFO] ---> topic is test,partition is :0,offset is :116; batch id is :2,in batch id is :0
2014-12-17 14:55:37 HandlerMagpieKafka$Minuter [INFO] ===================================> minute thread:
2014-12-17 14:55:37 HandlerMagpieKafka$Minuter [INFO] ---> topic is test,partition is :0,offset is :111; batch id is :1,in batch id is :0
2014-12-17 14:56:03 HandlerMagpieKafka$Minuter [INFO] ===================================> minute thread:
2014-12-17 14:56:03 HandlerMagpieKafka$Minuter [INFO] ---> topic is test,partition is :0,offset is :116; batch id is :2,in batch id is :0
2014-12-17 14:56:37 HandlerMagpieKafka$Minuter [INFO] ===================================> minute thread:
2014-12-17 14:56:37 HandlerMagpieKafka$Minuter [INFO] ---> topic is test,partition is :0,offset is :111; batch id is :1,in batch id is :0
2014-12-17 14:57:03 HandlerMagpieKafka$Minuter [INFO] ===================================> minute thread:
2014-12-17 14:57:03 HandlerMagpieKafka$Minuter [INFO] ---> topic is test,partition is :0,offset is :116; batch id is :2,in batch id is :0
2014-12-17 14:57:37 HandlerMagpieKafka$Minuter [INFO] ===================================> minute thread:
2014-12-17 14:57:37 HandlerMagpieKafka$Minuter [INFO] ---> topic is test,partition is :0,offset is :111; batch id is :1,in batch id is :0
2014-12-17 14:58:03 HandlerMagpieKafka$Minuter [INFO] ===================================> minute thread:
2014-12-17 14:58:03 HandlerMagpieKafka$Minuter [INFO] ---> topic is test,partition is :0,offset is :116; batch id is :2,in batch id is :0
2014-12-17 14:58:37 HandlerMagpieKafka$Minuter [INFO] ===================================> minute thread:
2014-12-17 14:58:37 HandlerMagpieKafka$Minuter [INFO] ---> topic is test,partition is :0,offset is :111; batch id is :1,in batch id is :0
2014-12-17 14:59:03 HandlerMagpieKafka$Minuter [INFO] ===================================> minute thread:
2014-12-17 14:59:03 HandlerMagpieKafka$Minuter [INFO] ---> topic is test,partition is :0,offset is :116; batch id is :2,in batch id is :0
2014-12-17 14:59:37 HandlerMagpieKafka$Minuter [INFO] ===================================> minute thread:
2014-12-17 14:59:37 HandlerMagpieKafka$Minuter [INFO] ---> topic is test,partition is :0,offset is :111; batch id is :1,in batch id is :0
2014-12-17 15:00:03 HandlerMagpieKafka$Minuter [INFO] ===================================> minute thread:
2014-12-17 15:00:03 HandlerMagpieKafka$Minuter [INFO] ---> topic is test,partition is :0,offset is :116; batch id is :2,in batch id is :0
2014-12-17 15:00:37 HandlerMagpieKafka$Minuter [INFO] ===================================> minute thread:
2014-12-17 15:00:37 HandlerMagpieKafka$Minuter [INFO] ---> topic is test,partition is :0,offset is :111; batch id is :1,in batch id is :0
2014-12-17 15:01:03 HandlerMagpieKafka$Minuter [INFO] ===================================> minute thread:
2014-12-17 15:01:03 HandlerMagpieKafka$Minuter [INFO] ---> topic is test,partition is :0,offset is :116; batch id is :2,in batch id is :0
2014-12-17 15:01:37 HandlerMagpieKafka$Minuter [INFO] ===================================> minute thread:
2014-12-17 15:01:37 HandlerMagpieKafka$Minuter [INFO] ---> topic is test,partition is :0,offset is :111; batch id is :1,in batch id is :0
2014-12-17 15:02:03 HandlerMagpieKafka$Minuter [INFO] ===================================> minute thread:
2014-12-17 15:02:03 HandlerMagpieKafka$Minuter [INFO] ---> topic is test,partition is :0,offset is :120; batch id is :3,in batch id is :0
2014-12-17 15:02:37 HandlerMagpieKafka$Minuter [INFO] ===================================> minute thread:
2014-12-17 15:02:37 HandlerMagpieKafka$Minuter [INFO] ---> topic is test,partition is :0,offset is :111; batch id is :1,in batch id is :0
2014-12-17 15:03:03 HandlerMagpieKafka$Minuter [INFO] ===================================> minute thread:
2014-12-17 15:03:03 HandlerMagpieKafka$Minuter [INFO] ---> topic is test,partition is :0,offset is :120; batch id is :3,in batch id is :0
2014-12-17 15:03:37 HandlerMagpieKafka$Minuter [INFO] ===================================> minute thread:
2014-12-17 15:03:37 HandlerMagpieKafka$Minuter [INFO] ---> topic is test,partition is :0,offset is :111; batch id is :1,in batch id is :0
2014-12-17 15:04:03 HandlerMagpieKafka$Minuter [INFO] ===================================> minute thread:
2014-12-17 15:04:03 HandlerMagpieKafka$Minuter [INFO] ---> topic is test,partition is :0,offset is :120; batch id is :3,in batch id is :0
2014-12-17 15:04:37 HandlerMagpieKafka$Minuter [INFO] ===================================> minute thread:
2014-12-17 15:04:37 HandlerMagpieKafka$Minuter [INFO] ---> topic is test,partition is :0,offset is :111; batch id is :1,in batch id is :0
2014-12-17 15:05:03 HandlerMagpieKafka$Minuter [INFO] ===================================> minute thread:
2014-12-17 15:05:03 HandlerMagpieKafka$Minuter [INFO] ---> topic is test,partition is :0,offset is :120; batch id is :3,in batch id is :0
2014-12-17 15:05:37 HandlerMagpieKafka$Minuter [INFO] ===================================> minute thread:
2014-12-17 15:05:37 HandlerMagpieKafka$Minuter [INFO] ---> topic is test,partition is :0,offset is :111; batch id is :1,in batch id is :0
2014-12-17 15:06:03 HandlerMagpieKafka$Minuter [INFO] ===================================> minute thread:
2014-12-17 15:06:03 HandlerMagpieKafka$Minuter [INFO] ---> topic is test,partition is :0,offset is :120; batch id is :3,in batch id is :0
2014-12-17 15:06:37 HandlerMagpieKafka$Minuter [INFO] ===================================> minute thread:
2014-12-17 15:06:37 HandlerMagpieKafka$Minuter [INFO] ---> topic is test,partition is :0,offset is :111; batch id is :1,in batch id is :0
2014-12-17 15:07:03 HandlerMagpieKafka$Minuter [INFO] ===================================> minute thread:
2014-12-17 15:07:03 HandlerMagpieKafka$Minuter [INFO] ---> topic is test,partition is :0,offset is :120; batch id is :3,in batch id is :0
2014-12-17 15:07:37 HandlerMagpieKafka$Minuter [INFO] ===================================> minute thread:
2014-12-17 15:07:37 HandlerMagpieKafka$Minuter [INFO] ---> topic is test,partition is :0,offset is :111; batch id is :1,in batch id is :0
2014-12-17 15:08:03 HandlerMagpieKafka$Minuter [INFO] ===================================> minute thread:
2014-12-17 15:08:03 HandlerMagpieKafka$Minuter [INFO] ---> topic is test,partition is :0,offset is :120; batch id is :3,in batch id is :0
2014-12-17 15:08:37 HandlerMagpieKafka$Minuter [INFO] ===================================> minute thread:
2014-12-17 15:08:37 HandlerMagpieKafka$Minuter [INFO] ---> topic is test,partition is :0,offset is :111; batch id is :1,in batch id is :0
2014-12-17 15:09:03 HandlerMagpieKafka$Minuter [INFO] ===================================> minute thread:
2014-12-17 15:09:03 HandlerMagpieKafka$Minuter [INFO] ---> topic is test,partition is :0,offset is :120; batch id is :3,in batch id is :0
2014-12-17 15:09:37 HandlerMagpieKafka$Minuter [INFO] ===================================> minute thread:
2014-12-17 15:09:37 HandlerMagpieKafka$Minuter [INFO] ---> topic is test,partition is :0,offset is :111; batch id is :1,in batch id is :0
2014-12-17 15:10:03 HandlerMagpieKafka$Minuter [INFO] ===================================> minute thread:
2014-12-17 15:10:03 HandlerMagpieKafka$Minuter [INFO] ---> topic is test,partition is :0,offset is :120; batch id is :3,in batch id is :0
2014-12-17 15:10:37 HandlerMagpieKafka$Minuter [INFO] ===================================> minute thread:
2014-12-17 15:10:37 HandlerMagpieKafka$Minuter [INFO] ---> topic is test,partition is :0,offset is :111; batch id is :1,in batch id is :0
2014-12-17 15:11:03 HandlerMagpieKafka$Minuter [INFO] ===================================> minute thread:
2014-12-17 15:11:03 HandlerMagpieKafka$Minuter [INFO] ---> topic is test,partition is :0,offset is :120; batch id is :3,in batch id is :0
2014-12-17 15:11:37 HandlerMagpieKafka$Minuter [INFO] ===================================> minute thread:
2014-12-17 15:11:37 HandlerMagpieKafka$Minuter [INFO] ---> topic is test,partition is :0,offset is :111; batch id is :1,in batch id is :0
2014-12-17 15:12:03 HandlerMagpieKafka$Minuter [INFO] ===================================> minute thread:
2014-12-17 15:12:03 HandlerMagpieKafka$Minuter [INFO] ---> topic is test,partition is :0,offset is :120; batch id is :3,in batch id is :0
2014-12-17 15:12:37 HandlerMagpieKafka$Minuter [INFO] ===================================> minute thread:
2014-12-17 15:12:37 HandlerMagpieKafka$Minuter [INFO] ---> topic is test,partition is :0,offset is :111; batch id is :1,in batch id is :0
2014-12-17 15:13:03 HandlerMagpieKafka$Minuter [INFO] ===================================> minute thread:
2014-12-17 15:13:03 HandlerMagpieKafka$Minuter [INFO] ---> topic is test,partition is :0,offset is :120; batch id is :3,in batch id is :0
2014-12-17 15:13:37 HandlerMagpieKafka$Minuter [INFO] ===================================> minute thread:
2014-12-17 15:13:37 HandlerMagpieKafka$Minuter [INFO] ---> topic is test,partition is :0,offset is :111; batch id is :1,in batch id is :0
2014-12-17 15:14:03 HandlerMagpieKafka$Minuter [INFO] ===================================> minute thread:
2014-12-17 15:14:03 HandlerMagpieKafka$Minuter [INFO] ---> topic is test,partition is :0,offset is :120; batch id is :3,in batch id is :0
2014-12-17 15:14:37 HandlerMagpieKafka$Minuter [INFO] ===================================> minute thread:
2014-12-17 15:14:37 HandlerMagpieKafka$Minuter [INFO] ---> topic is test,partition is :0,offset is :111; batch id is :1,in batch id is :0
2014-12-17 15:15:03 HandlerMagpieKafka$Minuter [INFO] ===================================> minute thread:
2014-12-17 15:15:03 HandlerMagpieKafka$Minuter [INFO] ---> topic is test,partition is :0,offset is :120; batch id is :3,in batch id is :0
2014-12-17 15:15:37 HandlerMagpieKafka$Minuter [INFO] ===================================> minute thread:
2014-12-17 15:15:37 HandlerMagpieKafka$Minuter [INFO] ---> topic is test,partition is :0,offset is :111; batch id is :1,in batch id is :0
2014-12-17 15:16:03 HandlerMagpieKafka$Minuter [INFO] ===================================> minute thread:
2014-12-17 15:16:03 HandlerMagpieKafka$Minuter [INFO] ---> topic is test,partition is :0,offset is :120; batch id is :3,in batch id is :0
2014-12-17 15:16:37 HandlerMagpieKafka$Minuter [INFO] ===================================> minute thread:
2014-12-17 15:16:37 HandlerMagpieKafka$Minuter [INFO] ---> topic is test,partition is :0,offset is :111; batch id is :1,in batch id is :0
2014-12-17 15:17:03 HandlerMagpieKafka$Minuter [INFO] ===================================> minute thread:
2014-12-17 15:17:03 HandlerMagpieKafka$Minuter [INFO] ---> topic is test,partition is :0,offset is :120; batch id is :3,in batch id is :0
2014-12-17 15:17:37 HandlerMagpieKafka$Minuter [INFO] ===================================> minute thread:
2014-12-17 15:17:37 HandlerMagpieKafka$Minuter [INFO] ---> topic is test,partition is :0,offset is :111; batch id is :1,in batch id is :0
2014-12-17 15:18:03 HandlerMagpieKafka$Minuter [INFO] ===================================> minute thread:
2014-12-17 15:18:03 HandlerMagpieKafka$Minuter [INFO] ---> topic is test,partition is :0,offset is :120; batch id is :3,in batch id is :0
2014-12-17 15:18:37 HandlerMagpieKafka$Minuter [INFO] ===================================> minute thread:
2014-12-17 15:18:37 HandlerMagpieKafka$Minuter [INFO] ---> topic is test,partition is :0,offset is :111; batch id is :1,in batch id is :0
2014-12-17 15:19:03 HandlerMagpieKafka$Minuter [INFO] ===================================> minute thread:
2014-12-17 15:19:03 HandlerMagpieKafka$Minuter [INFO] ---> topic is test,partition is :0,offset is :120; batch id is :3,in batch id is :0
2014-12-17 15:19:37 HandlerMagpieKafka$Minuter [INFO] ===================================> minute thread:
2014-12-17 15:19:37 HandlerMagpieKafka$Minuter [INFO] ---> topic is test,partition is :0,offset is :111; batch id is :1,in batch id is :0
2014-12-17 15:20:03 HandlerMagpieKafka$Minuter [INFO] ===================================> minute thread:
2014-12-17 15:20:03 HandlerMagpieKafka$Minuter [INFO] ---> topic is test,partition is :0,offset is :120; batch id is :3,in batch id is :0
2014-12-17 15:20:37 HandlerMagpieKafka$Minuter [INFO] ===================================> minute thread:
2014-12-17 15:20:37 HandlerMagpieKafka$Minuter [INFO] ---> topic is test,partition is :0,offset is :111; batch id is :1,in batch id is :0
2014-12-17 15:21:03 HandlerMagpieKafka$Minuter [INFO] ===================================> minute thread:
2014-12-17 15:21:03 HandlerMagpieKafka$Minuter [INFO] ---> topic is test,partition is :0,offset is :120; batch id is :3,in batch id is :0
2014-12-17 15:21:37 HandlerMagpieKafka$Minuter [INFO] ===================================> minute thread:
2014-12-17 15:21:37 HandlerMagpieKafka$Minuter [INFO] ---> topic is test,partition is :0,offset is :111; batch id is :1,in batch id is :0
2014-12-17 15:22:03 HandlerMagpieKafka$Minuter [INFO] ===================================> minute thread:
2014-12-17 15:22:03 HandlerMagpieKafka$Minuter [INFO] ---> topic is test,partition is :0,offset is :124; batch id is :3,in batch id is :0
2014-12-17 15:22:37 HandlerMagpieKafka$Minuter [INFO] ===================================> minute thread:
2014-12-17 15:22:37 HandlerMagpieKafka$Minuter [INFO] ---> topic is test,partition is :0,offset is :111; batch id is :1,in batch id is :0
2014-12-17 15:23:04 HandlerMagpieKafka$Minuter [INFO] ===================================> minute thread:
2014-12-17 15:23:04 HandlerMagpieKafka$Minuter [INFO] ---> topic is test,partition is :0,offset is :124; batch id is :3,in batch id is :0
2014-12-17 15:23:37 HandlerMagpieKafka$Minuter [INFO] ===================================> minute thread:
2014-12-17 15:23:37 HandlerMagpieKafka$Minuter [INFO] ---> topic is test,partition is :0,offset is :111; batch id is :1,in batch id is :0
2014-12-17 15:24:03 HandlerMagpieKafka$Minuter [INFO] ===================================> minute thread:
2014-12-17 15:24:03 HandlerMagpieKafka$Minuter [INFO] ---> topic is test,partition is :0,offset is :124; batch id is :3,in batch id is :0
2014-12-17 15:24:37 HandlerMagpieKafka$Minuter [INFO] ===================================> minute thread:
2014-12-17 15:24:37 HandlerMagpieKafka$Minuter [INFO] ---> topic is test,partition is :0,offset is :111; batch id is :1,in batch id is :0
2014-12-17 15:25:03 HandlerMagpieKafka$Minuter [INFO] ===================================> minute thread:
2014-12-17 15:25:03 HandlerMagpieKafka$Minuter [INFO] ---> topic is test,partition is :0,offset is :124; batch id is :3,in batch id is :0
2014-12-17 15:25:37 HandlerMagpieKafka$Minuter [INFO] ===================================> minute thread:
2014-12-17 15:25:37 HandlerMagpieKafka$Minuter [INFO] ---> topic is test,partition is :0,offset is :111; batch id is :1,in batch id is :0
2014-12-17 15:26:03 HandlerMagpieKafka$Minuter [INFO] ===================================> minute thread:
2014-12-17 15:26:03 HandlerMagpieKafka$Minuter [INFO] ---> topic is test,partition is :0,offset is :124; batch id is :3,in batch id is :0
2014-12-17 15:26:37 HandlerMagpieKafka$Minuter [INFO] ===================================> minute thread:
2014-12-17 15:26:37 HandlerMagpieKafka$Minuter [INFO] ---> topic is test,partition is :0,offset is :111; batch id is :1,in batch id is :0
2014-12-17 15:27:03 HandlerMagpieKafka$Minuter [INFO] ===================================> minute thread:
2014-12-17 15:27:03 HandlerMagpieKafka$Minuter [INFO] ---> topic is test,partition is :0,offset is :124; batch id is :3,in batch id is :0
2014-12-17 15:27:37 HandlerMagpieKafka$Minuter [INFO] ===================================> minute thread:
2014-12-17 15:27:37 HandlerMagpieKafka$Minuter [INFO] ---> topic is test,partition is :0,offset is :111; batch id is :1,in batch id is :0
2014-12-17 15:28:03 HandlerMagpieKafka$Minuter [INFO] ===================================> minute thread:
2014-12-17 15:28:03 HandlerMagpieKafka$Minuter [INFO] ---> topic is test,partition is :0,offset is :128; batch id is :3,in batch id is :0
2014-12-17 15:28:37 HandlerMagpieKafka$Minuter [INFO] ===================================> minute thread:
2014-12-17 15:28:37 HandlerMagpieKafka$Minuter [INFO] ---> topic is test,partition is :0,offset is :111; batch id is :1,in batch id is :0
2014-12-17 15:29:03 HandlerMagpieKafka$Minuter [INFO] ===================================> minute thread:
2014-12-17 15:29:03 HandlerMagpieKafka$Minuter [INFO] ---> topic is test,partition is :0,offset is :128; batch id is :3,in batch id is :0
2014-12-17 15:29:37 HandlerMagpieKafka$Minuter [INFO] ===================================> minute thread:
2014-12-17 15:29:37 HandlerMagpieKafka$Minuter [INFO] ---> topic is test,partition is :0,offset is :111; batch id is :1,in batch id is :0
2014-12-17 15:30:03 HandlerMagpieKafka$Minuter [INFO] ===================================> minute thread:
2014-12-17 15:30:03 HandlerMagpieKafka$Minuter [INFO] ---> topic is test,partition is :0,offset is :128; batch id is :3,in batch id is :0
2014-12-17 15:30:37 HandlerMagpieKafka$Minuter [INFO] ===================================> minute thread:
2014-12-17 15:30:37 HandlerMagpieKafka$Minuter [INFO] ---> topic is test,partition is :0,offset is :111; batch id is :1,in batch id is :0
2014-12-17 15:31:03 HandlerMagpieKafka$Minuter [INFO] ===================================> minute thread:
2014-12-17 15:31:03 HandlerMagpieKafka$Minuter [INFO] ---> topic is test,partition is :0,offset is :132; batch id is :3,in batch id is :0
2014-12-17 15:31:37 HandlerMagpieKafka$Minuter [INFO] ===================================> minute thread:
2014-12-17 15:31:37 HandlerMagpieKafka$Minuter [INFO] ---> topic is test,partition is :0,offset is :111; batch id is :1,in batch id is :0
2014-12-17 15:32:03 HandlerMagpieKafka$Minuter [INFO] ===================================> minute thread:
2014-12-17 15:32:03 HandlerMagpieKafka$Minuter [INFO] ---> topic is test,partition is :0,offset is :132; batch id is :3,in batch id is :0
2014-12-17 15:32:37 HandlerMagpieKafka$Minuter [INFO] ===================================> minute thread:
2014-12-17 15:32:37 HandlerMagpieKafka$Minuter [INFO] ---> topic is test,partition is :0,offset is :111; batch id is :1,in batch id is :0
2014-12-17 15:33:03 HandlerMagpieKafka$Minuter [INFO] ===================================> minute thread:
2014-12-17 15:33:03 HandlerMagpieKafka$Minuter [INFO] ---> topic is test,partition is :0,offset is :132; batch id is :3,in batch id is :0
2014-12-17 15:33:37 HandlerMagpieKafka$Minuter [INFO] ===================================> minute thread:
2014-12-17 15:33:37 HandlerMagpieKafka$Minuter [INFO] ---> topic is test,partition is :0,offset is :111; batch id is :1,in batch id is :0
2014-12-17 15:34:03 HandlerMagpieKafka$Minuter [INFO] ===================================> minute thread:
2014-12-17 15:34:03 HandlerMagpieKafka$Minuter [INFO] ---> topic is test,partition is :0,offset is :136; batch id is :3,in batch id is :0
2014-12-17 15:34:37 HandlerMagpieKafka$Minuter [INFO] ===================================> minute thread:
2014-12-17 15:34:37 HandlerMagpieKafka$Minuter [INFO] ---> topic is test,partition is :0,offset is :111; batch id is :1,in batch id is :0
2014-12-17 15:35:03 HandlerMagpieKafka$Minuter [INFO] ===================================> minute thread:
2014-12-17 15:35:03 HandlerMagpieKafka$Minuter [INFO] ---> topic is test,partition is :0,offset is :136; batch id is :3,in batch id is :0
2014-12-17 15:35:37 HandlerMagpieKafka$Minuter [INFO] ===================================> minute thread:
2014-12-17 15:35:37 HandlerMagpieKafka$Minuter [INFO] ---> topic is test,partition is :0,offset is :111; batch id is :1,in batch id is :0
2014-12-17 15:36:03 HandlerMagpieKafka$Minuter [INFO] ===================================> minute thread:
2014-12-17 15:36:03 HandlerMagpieKafka$Minuter [INFO] ---> topic is test,partition is :0,offset is :136; batch id is :3,in batch id is :0
2014-12-17 15:36:37 HandlerMagpieKafka$Minuter [INFO] ===================================> minute thread:
2014-12-17 15:36:37 HandlerMagpieKafka$Minuter [INFO] ---> topic is test,partition is :0,offset is :111; batch id is :1,in batch id is :0
2014-12-17 15:37:03 HandlerMagpieKafka$Minuter [INFO] ===================================> minute thread:
2014-12-17 15:37:03 HandlerMagpieKafka$Minuter [INFO] ---> topic is test,partition is :0,offset is :136; batch id is :3,in batch id is :0
2014-12-17 15:37:37 HandlerMagpieKafka$Minuter [INFO] ===================================> minute thread:
2014-12-17 15:37:37 HandlerMagpieKafka$Minuter [INFO] ---> topic is test,partition is :0,offset is :111; batch id is :1,in batch id is :0
2014-12-17 15:38:03 HandlerMagpieKafka$Minuter [INFO] ===================================> minute thread:
2014-12-17 15:38:03 HandlerMagpieKafka$Minuter [INFO] ---> topic is test,partition is :0,offset is :136; batch id is :3,in batch id is :0
2014-12-17 15:38:37 HandlerMagpieKafka$Minuter [INFO] ===================================> minute thread:
2014-12-17 15:38:37 HandlerMagpieKafka$Minuter [INFO] ---> topic is test,partition is :0,offset is :111; batch id is :1,in batch id is :0
2014-12-17 15:39:03 HandlerMagpieKafka$Minuter [INFO] ===================================> minute thread:
2014-12-17 15:39:03 HandlerMagpieKafka$Minuter [INFO] ---> topic is test,partition is :0,offset is :136; batch id is :3,in batch id is :0
2014-12-17 15:39:37 HandlerMagpieKafka$Minuter [INFO] ===================================> minute thread:
2014-12-17 15:39:37 HandlerMagpieKafka$Minuter [INFO] ---> topic is test,partition is :0,offset is :111; batch id is :1,in batch id is :0
2014-12-17 15:40:03 HandlerMagpieKafka$Minuter [INFO] ===================================> minute thread:
2014-12-17 15:40:03 HandlerMagpieKafka$Minuter [INFO] ---> topic is test,partition is :0,offset is :136; batch id is :3,in batch id is :0
2014-12-17 15:40:37 HandlerMagpieKafka$Minuter [INFO] ===================================> minute thread:
2014-12-17 15:40:37 HandlerMagpieKafka$Minuter [INFO] ---> topic is test,partition is :0,offset is :111; batch id is :1,in batch id is :0
2014-12-17 15:41:03 HandlerMagpieKafka$Minuter [INFO] ===================================> minute thread:
2014-12-17 15:41:03 HandlerMagpieKafka$Minuter [INFO] ---> topic is test,partition is :0,offset is :136; batch id is :3,in batch id is :0
2014-12-17 15:41:37 HandlerMagpieKafka$Minuter [INFO] ===================================> minute thread:
2014-12-17 15:41:37 HandlerMagpieKafka$Minuter [INFO] ---> topic is test,partition is :0,offset is :111; batch id is :1,in batch id is :0
2014-12-17 15:42:03 HandlerMagpieKafka$Minuter [INFO] ===================================> minute thread:
2014-12-17 15:42:03 HandlerMagpieKafka$Minuter [INFO] ---> topic is test,partition is :0,offset is :136; batch id is :3,in batch id is :0
2014-12-17 15:42:37 HandlerMagpieKafka$Minuter [INFO] ===================================> minute thread:
2014-12-17 15:42:37 HandlerMagpieKafka$Minuter [INFO] ---> topic is test,partition is :0,offset is :111; batch id is :1,in batch id is :0
2014-12-17 15:43:03 HandlerMagpieKafka$Minuter [INFO] ===================================> minute thread:
2014-12-17 15:43:03 HandlerMagpieKafka$Minuter [INFO] ---> topic is test,partition is :0,offset is :136; batch id is :3,in batch id is :0
2014-12-17 15:43:31 HandlerMagpieKafka [INFO] ===================================> persistence thread:
2014-12-17 15:43:31 HandlerMagpieKafka [INFO] ---> persistence deal during time:0
2014-12-17 15:43:31 HandlerMagpieKafka [INFO] ---> the number of entry list:1
2014-12-17 15:43:31 HandlerMagpieKafka [INFO] ---> entry list to bytes (avro) sum size is 0
2014-12-17 15:43:31 HandlerMagpieKafka [INFO] --->get entry : ROWDATA, now pos : 235, next pos : 271, binlog file : mysql-bin.000169, schema name : canal_test, table name : simple, column info : uid ## 7, type : INSERT
2014-12-17 15:43:37 HandlerMagpieKafka$Minuter [INFO] ===================================> minute thread:
2014-12-17 15:43:37 HandlerMagpieKafka$Minuter [INFO] ---> topic is test,partition is :0,offset is :111; batch id is :1,in batch id is :0
2014-12-17 15:43:47 HandlerMagpieKafka [INFO] ===================================> persistence thread:
2014-12-17 15:43:47 HandlerMagpieKafka [INFO] ---> persistence deal during time:0
2014-12-17 15:43:47 HandlerMagpieKafka [INFO] ---> the number of entry list:1
2014-12-17 15:43:47 HandlerMagpieKafka [INFO] ---> entry list to bytes (avro) sum size is 0
2014-12-17 15:43:47 HandlerMagpieKafka [INFO] --->get entry : ROWDATA, now pos : 426, next pos : 462, binlog file : mysql-bin.000169, schema name : canal_test, table name : simple, column info : uid ## 8, type : INSERT
2014-12-17 15:44:03 HandlerMagpieKafka$Minuter [INFO] ===================================> minute thread:
2014-12-17 15:44:03 HandlerMagpieKafka$Minuter [INFO] ---> topic is test,partition is :0,offset is :146; batch id is :3,in batch id is :2
2014-12-17 15:44:37 HandlerMagpieKafka$Minuter [INFO] ===================================> minute thread:
2014-12-17 15:44:37 HandlerMagpieKafka$Minuter [INFO] ---> topic is test,partition is :0,offset is :111; batch id is :1,in batch id is :0
2014-12-17 15:45:04 HandlerMagpieKafka$Minuter [INFO] ===================================> minute thread:
2014-12-17 15:45:04 HandlerMagpieKafka$Minuter [INFO] ---> topic is test,partition is :0,offset is :146; batch id is :3,in batch id is :2
2014-12-17 15:45:37 HandlerMagpieKafka$Minuter [INFO] ===================================> minute thread:
2014-12-17 15:45:37 HandlerMagpieKafka$Minuter [INFO] ---> topic is test,partition is :0,offset is :111; batch id is :1,in batch id is :0
2014-12-17 15:46:03 HandlerMagpieKafka$Minuter [INFO] ===================================> minute thread:
2014-12-17 15:46:03 HandlerMagpieKafka$Minuter [INFO] ---> topic is test,partition is :0,offset is :146; batch id is :3,in batch id is :2
2014-12-17 15:46:37 HandlerMagpieKafka$Minuter [INFO] ===================================> minute thread:
2014-12-17 15:46:37 HandlerMagpieKafka$Minuter [INFO] ---> topic is test,partition is :0,offset is :111; batch id is :1,in batch id is :0
2014-12-17 15:47:03 HandlerMagpieKafka$Minuter [INFO] ===================================> minute thread:
2014-12-17 15:47:03 HandlerMagpieKafka$Minuter [INFO] ---> topic is test,partition is :0,offset is :146; batch id is :3,in batch id is :2
2014-12-17 15:47:37 HandlerMagpieKafka$Minuter [INFO] ===================================> minute thread:
2014-12-17 15:47:37 HandlerMagpieKafka$Minuter [INFO] ---> topic is test,partition is :0,offset is :111; batch id is :1,in batch id is :0
2014-12-17 15:47:47 HandlerMagpieKafka [INFO] ===================================> persistence thread:
2014-12-17 15:47:47 HandlerMagpieKafka [INFO] ---> persistence deal during time:0
2014-12-17 15:47:47 HandlerMagpieKafka [INFO] ---> the number of entry list:1
2014-12-17 15:47:47 HandlerMagpieKafka [INFO] ---> entry list to bytes (avro) sum size is 0
2014-12-17 15:47:47 HandlerMagpieKafka [INFO] --->get entry : ROWDATA, now pos : 617, next pos : 653, binlog file : mysql-bin.000169, schema name : canal_test, table name : simple, column info : uid ## 9, type : INSERT
2014-12-17 15:48:03 HandlerMagpieKafka$Minuter [INFO] ===================================> minute thread:
2014-12-17 15:48:03 HandlerMagpieKafka$Minuter [INFO] ---> topic is test,partition is :0,offset is :149; batch id is :3,in batch id is :3
2014-12-17 15:48:37 HandlerMagpieKafka$Minuter [INFO] ===================================> minute thread:
2014-12-17 15:48:37 HandlerMagpieKafka$Minuter [INFO] ---> topic is test,partition is :0,offset is :111; batch id is :1,in batch id is :0
2014-12-17 15:49:37 HandlerMagpieKafka$Minuter [INFO] ===================================> minute thread:
2014-12-17 15:49:37 HandlerMagpieKafka$Minuter [INFO] ---> topic is test,partition is :0,offset is :111; batch id is :1,in batch id is :0
2014-12-17 15:50:37 HandlerMagpieKafka$Minuter [INFO] ===================================> minute thread:
2014-12-17 15:50:37 HandlerMagpieKafka$Minuter [INFO] ---> topic is test,partition is :0,offset is :111; batch id is :1,in batch id is :0
2014-12-17 15:51:34 HandlerMagpieKafka [INFO] initializing......
2014-12-17 15:51:35 HandlerMagpieKafka [INFO] start the parser successfully...
2014-12-17 15:51:36 HandlerMagpieKafka$Minuter [INFO] ===================================> minute thread:
2014-12-17 15:51:36 HandlerMagpieKafka$Minuter [INFO] ---> topic is test,partition is :0,offset is :-1; batch id is :-1,in batch id is :-1
2014-12-17 15:51:37 HandlerMagpieKafka$Minuter [INFO] ===================================> minute thread:
2014-12-17 15:51:37 HandlerMagpieKafka$Minuter [INFO] ---> topic is test,partition is :0,offset is :111; batch id is :1,in batch id is :0
2014-12-17 15:51:57 HandlerMagpieKafka [INFO] ===================================> persistence thread:
2014-12-17 15:51:57 HandlerMagpieKafka [INFO] ---> persistence deal during time:489
2014-12-17 15:51:57 HandlerMagpieKafka [INFO] ---> the number of entry list:1
2014-12-17 15:51:57 HandlerMagpieKafka [INFO] ---> entry list to bytes (avro) sum size is 0
2014-12-17 15:51:57 HandlerMagpieKafka [INFO] --->get entry : ROWDATA, now pos : 808, next pos : 844, binlog file : mysql-bin.000169, schema name : canal_test, table name : simple, column info : uid ## 10, type : INSERT
2014-12-17 15:52:36 HandlerMagpieKafka [INFO] initializing......
2014-12-17 15:52:37 HandlerMagpieKafka$Minuter [INFO] ===================================> minute thread:
2014-12-17 15:52:37 HandlerMagpieKafka$Minuter [INFO] ---> topic is test,partition is :0,offset is :111; batch id is :1,in batch id is :0
2014-12-17 15:52:37 HandlerMagpieKafka [INFO] start the parser successfully...
2014-12-17 15:52:38 HandlerMagpieKafka$Minuter [INFO] ===================================> minute thread:
2014-12-17 15:52:38 HandlerMagpieKafka$Minuter [INFO] ---> topic is test,partition is :0,offset is :-1; batch id is :-1,in batch id is :-1
2014-12-17 15:52:46 HandlerMagpieKafka [INFO] ===================================> persistence thread:
2014-12-17 15:52:46 HandlerMagpieKafka [INFO] ---> persistence deal during time:305
2014-12-17 15:52:46 HandlerMagpieKafka [INFO] ---> the number of entry list:1
2014-12-17 15:52:46 HandlerMagpieKafka [INFO] ---> entry list to bytes (avro) sum size is 73
2014-12-17 15:52:46 HandlerMagpieKafka [INFO] --->get entry : ROWDATA, now pos : 999, next pos : 1035, binlog file : mysql-bin.000169, schema name : canal_test, table name : simple, column info : uid ## 11, type : INSERT
2014-12-17 15:53:37 HandlerMagpieKafka$Minuter [INFO] ===================================> minute thread:
2014-12-17 15:53:37 HandlerMagpieKafka$Minuter [INFO] ---> topic is test,partition is :0,offset is :111; batch id is :1,in batch id is :0
2014-12-17 15:53:38 HandlerMagpieKafka$Minuter [INFO] ===================================> minute thread:
2014-12-17 15:53:38 HandlerMagpieKafka$Minuter [INFO] ---> topic is test,partition is :0,offset is :155; batch id is :3,in batch id is :5
2014-12-17 15:54:37 HandlerMagpieKafka$Minuter [INFO] ===================================> minute thread:
2014-12-17 15:54:37 HandlerMagpieKafka$Minuter [INFO] ---> topic is test,partition is :0,offset is :111; batch id is :1,in batch id is :0
2014-12-17 15:54:51 HandlerMagpieKafka [INFO] initializing......
2014-12-17 15:54:52 HandlerMagpieKafka [INFO] start the parser successfully...
2014-12-17 15:54:53 HandlerMagpieKafka$Minuter [INFO] ===================================> minute thread:
2014-12-17 15:54:53 HandlerMagpieKafka$Minuter [INFO] ---> topic is test,partition is :0,offset is :-1; batch id is :-1,in batch id is :-1
2014-12-17 15:55:03 HandlerMagpieKafka [INFO] ===================================> persistence thread:
2014-12-17 15:55:03 HandlerMagpieKafka [INFO] ---> persistence deal during time:244
2014-12-17 15:55:03 HandlerMagpieKafka [INFO] ---> the number of entry list:1
2014-12-17 15:55:03 HandlerMagpieKafka [INFO] ---> entry list to bytes (avro) sum size is 106
2014-12-17 15:55:03 HandlerMagpieKafka [INFO] --->get entry : ROWDATA, now pos : 1194, next pos : 1242, binlog file : mysql-bin.000169, schema name : canal_test, table name : test, column info : uid ## 1, type : INSERT
2014-12-17 15:55:37 HandlerMagpieKafka$Minuter [INFO] ===================================> minute thread:
2014-12-17 15:55:37 HandlerMagpieKafka$Minuter [INFO] ---> topic is test,partition is :0,offset is :111; batch id is :1,in batch id is :0
2014-12-17 15:55:53 HandlerMagpieKafka$Minuter [INFO] ===================================> minute thread:
2014-12-17 15:55:53 HandlerMagpieKafka$Minuter [INFO] ---> topic is test,partition is :0,offset is :158; batch id is :3,in batch id is :6
2014-12-17 15:56:08 HandlerMagpieKafka [INFO] ===================================> persistence thread:
2014-12-17 15:56:08 HandlerMagpieKafka [INFO] ---> persistence deal during time:8
2014-12-17 15:56:08 HandlerMagpieKafka [INFO] ---> the number of entry list:1
2014-12-17 15:56:08 HandlerMagpieKafka [INFO] ---> entry list to bytes (avro) sum size is 153
2014-12-17 15:56:08 HandlerMagpieKafka [INFO] --->get entry : ROWDATA, now pos : 1269, next pos : 1436, binlog file : mysql-bin.000169, schema name : canal_test, table name : filter, column info : null, type : CREATE
2014-12-17 15:56:37 HandlerMagpieKafka$Minuter [INFO] ===================================> minute thread:
2014-12-17 15:56:37 HandlerMagpieKafka$Minuter [INFO] ---> topic is test,partition is :0,offset is :111; batch id is :1,in batch id is :0
2014-12-17 15:56:56 HandlerMagpieKafka [INFO] initializing......
2014-12-17 15:56:57 HandlerMagpieKafka [INFO] start the parser successfully...
2014-12-17 15:56:58 HandlerMagpieKafka$Minuter [INFO] ===================================> minute thread:
2014-12-17 15:56:58 HandlerMagpieKafka$Minuter [INFO] ---> topic is test,partition is :0,offset is :-1; batch id is :-1,in batch id is :-1
2014-12-17 15:57:16 HandlerMagpieKafka [INFO] ===================================> persistence thread:
2014-12-17 15:57:16 HandlerMagpieKafka [INFO] ---> persistence deal during time:264
2014-12-17 15:57:16 HandlerMagpieKafka [INFO] ---> the number of entry list:1
2014-12-17 15:57:16 HandlerMagpieKafka [INFO] ---> entry list to bytes (avro) sum size is 72
2014-12-17 15:57:16 HandlerMagpieKafka [INFO] --->get entry : ROWDATA, now pos : 1564, next pos : 1600, binlog file : mysql-bin.000169, schema name : canal_test, table name : filter, column info : uid ## 1, type : INSERT
2014-12-17 15:57:37 HandlerMagpieKafka$Minuter [INFO] ===================================> minute thread:
2014-12-17 15:57:37 HandlerMagpieKafka$Minuter [INFO] ---> topic is test,partition is :0,offset is :111; batch id is :1,in batch id is :0
2014-12-17 15:57:58 HandlerMagpieKafka$Minuter [INFO] ===================================> minute thread:
2014-12-17 15:57:58 HandlerMagpieKafka$Minuter [INFO] ---> topic is test,partition is :0,offset is :162; batch id is :4,in batch id is :1
2014-12-17 15:58:37 HandlerMagpieKafka$Minuter [INFO] ===================================> minute thread:
2014-12-17 15:58:37 HandlerMagpieKafka$Minuter [INFO] ---> topic is test,partition is :0,offset is :111; batch id is :1,in batch id is :0
2014-12-17 15:58:58 HandlerMagpieKafka$Minuter [INFO] ===================================> minute thread:
2014-12-17 15:58:58 HandlerMagpieKafka$Minuter [INFO] ---> topic is test,partition is :0,offset is :162; batch id is :4,in batch id is :1
2014-12-17 15:59:37 HandlerMagpieKafka$Minuter [INFO] ===================================> minute thread:
2014-12-17 15:59:37 HandlerMagpieKafka$Minuter [INFO] ---> topic is test,partition is :0,offset is :111; batch id is :1,in batch id is :0
2014-12-17 15:59:58 HandlerMagpieKafka$Minuter [INFO] ===================================> minute thread:
2014-12-17 15:59:58 HandlerMagpieKafka$Minuter [INFO] ---> topic is test,partition is :0,offset is :162; batch id is :4,in batch id is :1
2014-12-17 16:00:37 HandlerMagpieKafka$Minuter [INFO] ===================================> minute thread:
2014-12-17 16:00:37 HandlerMagpieKafka$Minuter [INFO] ---> topic is test,partition is :0,offset is :111; batch id is :1,in batch id is :0
2014-12-17 16:00:58 HandlerMagpieKafka$Minuter [INFO] ===================================> minute thread:
2014-12-17 16:00:58 HandlerMagpieKafka$Minuter [INFO] ---> topic is test,partition is :0,offset is :162; batch id is :4,in batch id is :1
2014-12-17 16:01:37 HandlerMagpieKafka$Minuter [INFO] ===================================> minute thread:
2014-12-17 16:01:37 HandlerMagpieKafka$Minuter [INFO] ---> topic is test,partition is :0,offset is :111; batch id is :1,in batch id is :0
2014-12-17 16:01:58 HandlerMagpieKafka$Minuter [INFO] ===================================> minute thread:
2014-12-17 16:01:58 HandlerMagpieKafka$Minuter [INFO] ---> topic is test,partition is :0,offset is :162; batch id is :4,in batch id is :1
2014-12-17 16:02:37 HandlerMagpieKafka$Minuter [INFO] ===================================> minute thread:
2014-12-17 16:02:37 HandlerMagpieKafka$Minuter [INFO] ---> topic is test,partition is :0,offset is :111; batch id is :1,in batch id is :0
2014-12-17 16:03:37 HandlerMagpieKafka$Minuter [INFO] ===================================> minute thread:
2014-12-17 16:03:37 HandlerMagpieKafka$Minuter [INFO] ---> topic is test,partition is :0,offset is :111; batch id is :1,in batch id is :0
2014-12-17 16:04:37 HandlerMagpieKafka$Minuter [INFO] ===================================> minute thread:
2014-12-17 16:04:37 HandlerMagpieKafka$Minuter [INFO] ---> topic is test,partition is :0,offset is :111; batch id is :1,in batch id is :0
2014-12-17 16:05:37 HandlerMagpieKafka$Minuter [INFO] ===================================> minute thread:
2014-12-17 16:05:37 HandlerMagpieKafka$Minuter [INFO] ---> topic is test,partition is :0,offset is :111; batch id is :1,in batch id is :0
2014-12-17 16:06:37 HandlerMagpieKafka$Minuter [INFO] ===================================> minute thread:
2014-12-17 16:06:37 HandlerMagpieKafka$Minuter [INFO] ---> topic is test,partition is :0,offset is :111; batch id is :1,in batch id is :0
2014-12-17 16:07:37 HandlerMagpieKafka$Minuter [INFO] ===================================> minute thread:
2014-12-17 16:07:37 HandlerMagpieKafka$Minuter [INFO] ---> topic is test,partition is :0,offset is :111; batch id is :1,in batch id is :0
2014-12-17 16:08:37 HandlerMagpieKafka$Minuter [INFO] ===================================> minute thread:
2014-12-17 16:08:37 HandlerMagpieKafka$Minuter [INFO] ---> topic is test,partition is :0,offset is :111; batch id is :1,in batch id is :0
2014-12-17 16:09:37 HandlerMagpieKafka$Minuter [INFO] ===================================> minute thread:
2014-12-17 16:09:37 HandlerMagpieKafka$Minuter [INFO] ---> topic is test,partition is :0,offset is :111; batch id is :1,in batch id is :0
2014-12-17 16:10:37 HandlerMagpieKafka$Minuter [INFO] ===================================> minute thread:
2014-12-17 16:10:37 HandlerMagpieKafka$Minuter [INFO] ---> topic is test,partition is :0,offset is :111; batch id is :1,in batch id is :0
2014-12-17 16:11:37 HandlerMagpieKafka$Minuter [INFO] ===================================> minute thread:
2014-12-17 16:11:37 HandlerMagpieKafka$Minuter [INFO] ---> topic is test,partition is :0,offset is :111; batch id is :1,in batch id is :0
2014-12-17 16:12:37 HandlerMagpieKafka$Minuter [INFO] ===================================> minute thread:
2014-12-17 16:12:37 HandlerMagpieKafka$Minuter [INFO] ---> topic is test,partition is :0,offset is :111; batch id is :1,in batch id is :0
2014-12-17 16:13:37 HandlerMagpieKafka$Minuter [INFO] ===================================> minute thread:
2014-12-17 16:13:37 HandlerMagpieKafka$Minuter [INFO] ---> topic is test,partition is :0,offset is :111; batch id is :1,in batch id is :0
2014-12-17 16:14:37 HandlerMagpieKafka$Minuter [INFO] ===================================> minute thread:
2014-12-17 16:14:37 HandlerMagpieKafka$Minuter [INFO] ---> topic is test,partition is :0,offset is :111; batch id is :1,in batch id is :0
2014-12-17 16:15:37 HandlerMagpieKafka$Minuter [INFO] ===================================> minute thread:
2014-12-17 16:15:37 HandlerMagpieKafka$Minuter [INFO] ---> topic is test,partition is :0,offset is :111; batch id is :1,in batch id is :0
2014-12-17 16:16:37 HandlerMagpieKafka$Minuter [INFO] ===================================> minute thread:
2014-12-17 16:16:37 HandlerMagpieKafka$Minuter [INFO] ---> topic is test,partition is :0,offset is :111; batch id is :1,in batch id is :0
2014-12-17 16:17:37 HandlerMagpieKafka$Minuter [INFO] ===================================> minute thread:
2014-12-17 16:17:37 HandlerMagpieKafka$Minuter [INFO] ---> topic is test,partition is :0,offset is :111; batch id is :1,in batch id is :0
2014-12-17 16:18:37 HandlerMagpieKafka$Minuter [INFO] ===================================> minute thread:
2014-12-17 16:18:37 HandlerMagpieKafka$Minuter [INFO] ---> topic is test,partition is :0,offset is :111; batch id is :1,in batch id is :0
2014-12-17 16:19:37 HandlerMagpieKafka$Minuter [INFO] ===================================> minute thread:
2014-12-17 16:19:37 HandlerMagpieKafka$Minuter [INFO] ---> topic is test,partition is :0,offset is :111; batch id is :1,in batch id is :0
